<?xml version="1.0" encoding="UTF-8"?>
<testng-results ignored="0" total="1" passed="1" failed="0" skipped="0">
  <reporter-output>
  </reporter-output>
  <suite started-at="2021-02-05T18:10:00 IST" name="Suite" finished-at="2021-02-05T18:11:36 IST" duration-ms="96031">
    <groups>
    </groups>
    <test started-at="2021-02-05T18:10:00 IST" name="Test" finished-at="2021-02-05T18:11:36 IST" duration-ms="96031">
      <class name="com.AutoEngine.AppTest">
        <test-method is-config="true" signature="setupClass()[pri:0, instance:com.AutoEngine.AppTest@41a2befb]" started-at="2021-02-05T18:10:00 IST" name="setupClass" finished-at="2021-02-05T18:10:29 IST" duration-ms="28399" status="PASS">
          <reporter-output>
          </reporter-output>
        </test-method> <!-- setupClass -->
        <test-method is-config="true" signature="setupTest()[pri:0, instance:com.AutoEngine.AppTest@41a2befb]" started-at="2021-02-05T18:10:29 IST" name="setupTest" finished-at="2021-02-05T18:11:17 IST" duration-ms="48090" status="PASS">
          <reporter-output>
          </reporter-output>
        </test-method> <!-- setupTest -->
        <test-method signature="testApp()[pri:0, instance:com.AutoEngine.AppTest@41a2befb]" started-at="2021-02-05T18:11:17 IST" name="testApp" finished-at="2021-02-05T18:11:36 IST" duration-ms="19394" status="PASS">
          <reporter-output>
          </reporter-output>
        </test-method> <!-- testApp -->
      </class> <!-- com.AutoEngine.AppTest -->
    </test> <!-- Test -->
  </suite> <!-- Suite -->
</testng-results>
