<?xml version="1.0" encoding="UTF-8"?>
<testng-results ignored="0" total="1" passed="1" failed="0" skipped="0">
  <reporter-output>
  </reporter-output>
  <suite started-at="2020-12-14T21:33:13 IST" name="Suite" finished-at="2020-12-14T21:34:41 IST" duration-ms="88177">
    <groups>
    </groups>
    <test started-at="2020-12-14T21:33:13 IST" name="Test" finished-at="2020-12-14T21:34:41 IST" duration-ms="88177">
      <class name="com.AutoEngine.AppTest">
        <test-method is-config="true" signature="setupClass()[pri:0, instance:com.AutoEngine.AppTest@41a2befb]" started-at="2020-12-14T21:33:13 IST" name="setupClass" finished-at="2020-12-14T21:33:35 IST" duration-ms="22584" status="PASS">
          <reporter-output>
          </reporter-output>
        </test-method> <!-- setupClass -->
        <test-method is-config="true" signature="setupTest()[pri:0, instance:com.AutoEngine.AppTest@41a2befb]" started-at="2020-12-14T21:33:35 IST" name="setupTest" finished-at="2020-12-14T21:34:19 IST" duration-ms="43847" status="PASS">
          <reporter-output>
          </reporter-output>
        </test-method> <!-- setupTest -->
        <test-method signature="testApp()[pri:0, instance:com.AutoEngine.AppTest@41a2befb]" started-at="2020-12-14T21:34:19 IST" name="testApp" finished-at="2020-12-14T21:34:41 IST" duration-ms="21535" status="PASS">
          <reporter-output>
          </reporter-output>
        </test-method> <!-- testApp -->
      </class> <!-- com.AutoEngine.AppTest -->
    </test> <!-- Test -->
  </suite> <!-- Suite -->
</testng-results>
